Arguments: 
  /home/wushaojie/local/node/bin/node /home/wushaojie/local/node/bin/yarn publish

PATH: 
  /home/wushaojie/local/node/bin:/home/wushaojie/local/jvm/jdk-10.0.1/bin:/home/wushaojie/bin:/home/wushaojie/.local/bin:/home/wushaojie/local/node/bin:/home/wushaojie/local/jvm/jdk-10.0.1/bin:/home/wushaojie/bin:/home/wushaojie/.local/bin:/usr/local/sbin:/usr/local/bin:/usr/sbin:/usr/bin:/sbin:/bin:/usr/games:/usr/local/games:/snap/bin:/home/wushaojie/local/go/bin:/home/wushaojie/local/go/bin

Yarn version: 
  1.6.0

Node version: 
  8.11.1

Platform: 
  linux x64

Trace: 
  Error: canceled
      at Interface.<anonymous> (/home/wushaojie/local/node/lib/node_modules/yarn/lib/cli.js:129516:13)
      at emitNone (events.js:106:13)
      at Interface.emit (events.js:208:7)
      at Interface._ttyWrite (readline.js:775:16)
      at ReadStream.onkeypress (readline.js:160:10)
      at emitTwo (events.js:126:13)
      at ReadStream.emit (events.js:214:7)
      at emitKeys (internal/readline.js:420:14)
      at emitKeys.next (<anonymous>)
      at ReadStream.onData (readline.js:1011:36)

npm manifest: 
  {
    "name": "pixels-to-rem-ex",
    "version": "1.0.0",
    "main": "index.js",
    "author": "wushaojie",
    "license": "MIT",
    "description": "pixels to rem.",
    "repository": "https://github.com/wushaojie/pixels-to-rem-ex.git"
  }

yarn manifest: 
  No manifest

Lockfile: 
  No lockfile
